<?xml version="1.0" encoding="UTF-8" ?>
<testsuite tests="220" failures="0" name="CucumberTest" time="0.31" errors="0" skipped="0">
  <properties>
[...]
</properties>
  <testcase classname="Scenario: As an ICT Officer, I want to register staff members so that we know where the staff members are working" name="Given That I am an ICT Officer" time="0.016"/>
  <testcase classname="Scenario: As an ICT Officer, I want to register staff members so that we know where the staff members are working" name="And I have a staff register" time="0"/>
  <testcase classname="Scenario: As an ICT Officer, I want to register staff members so that we know where the staff members are working" name="Then I should be able to register a staff member" time="0.001"/>
  <testcase classname="Scenario: As an ICT Officer, I want to register staff members so that we know where the staff members are working" name="Scenario: As an ICT Officer, I want to register staff members so that we know where the staff members are working" time="0.006"/>
  <testcase classname="Scenario: As an ICT Officer, I want to be able to see all hospital users&apos; data to have tabs on the system" name="Given That I am an ICT Officer" time="0"/>
  <testcase classname="Scenario: As an ICT Officer, I want to be able to see all hospital users&apos; data to have tabs on the system" name="And I have a staff register" time="0"/>
  <testcase classname="Scenario: As an ICT Officer, I want to be able to see all hospital users&apos; data to have tabs on the system" name="And I have a patient register" time="0.001"/>
  <testcase classname="Scenario: As an ICT Officer, I want to be able to see all hospital users&apos; data to have tabs on the system" name="And the patient register contains several patients" time="0"/>
  <testcase classname="Scenario: As an ICT Officer, I want to be able to see all hospital users&apos; data to have tabs on the system" name="Then I want to be able to view the patient register" time="0.001"/>
  <testcase classname="Scenario: As an ICT Officer, I want to be able to see all hospital users&apos; data to have tabs on the system" name="And I want to be able to view the staff register" time="0.001"/>
  <testcase classname="Scenario: As an ICT Officer, I want to be able to see all hospital users&apos; data to have tabs on the system" name="And I want to be able to view the patients&apos; health data" time="0.001"/>
  <testcase classname="Scenario: As an ICT Officer, I want to be able to see all hospital users&apos; data to have tabs on the system" name="Scenario: As an ICT Officer, I want to be able to see all hospital users&apos; data to have tabs on the system" time="0.002"/>
  <testcase classname="Scenario: As an ICT Officer, I should have permission to move staff and patients in the department register" name="Given That I am an ICT Officer" time="0.001"/>
  <testcase classname="Scenario: As an ICT Officer, I should have permission to move staff and patients in the department register" name="Then I should have permission to move staff" time="0.005"/>
  <testcase classname="Scenario: As an ICT Officer, I should have permission to move staff and patients in the department register" name="And I should have permission to move patients" time="0.001"/>
  <testcase classname="Scenario: As an ICT Officer, I should have permission to move staff and patients in the department register" name="Scenario: As an ICT Officer, I should have permission to move staff and patients in the department register" time="0.003"/>
  <testcase classname="Scenario: Staff permissions" name="Given That I am a staff member" time="0"/>
  <testcase classname="Scenario: Staff permissions" name="Then I should not have write access to the patient register" time="0.001"/>
  <testcase classname="Scenario: Staff permissions" name="And I should not have write access to the staff register" time="0"/>
  <testcase classname="Scenario: Staff permissions" name="And I should not have view access to the health data" time="0"/>
  <testcase classname="Scenario: Staff permissions" name="And I should have permission to move patients" time="0"/>
  <testcase classname="Scenario: Staff permissions" name="And I should not have permission to move staff" time="0"/>
  <testcase classname="Scenario: Staff permissions" name="Scenario: Staff permissions" time="0"/>
  <testcase classname="Scenario: hash code check" name="Given That I am a clerk" time="0"/>
  <testcase classname="Scenario: hash code check" name="And I have a staff register" time="0"/>
  <testcase classname="Scenario: hash code check" name="And I have multiple staff members" time="0.005"/>
  <testcase classname="Scenario: hash code check" name="Then I want to see that two staff members has different hash code" time="0"/>
  <testcase classname="Scenario: hash code check" name="And That a staff member has the same hash code as them selves" time="0.001"/>
  <testcase classname="Scenario: hash code check" name="Scenario: hash code check" time="0.012"/>
  <testcase classname="Scenario: As a nurse, I want to know where a patient is, so I can find and treat him" name="Given That I am a nurse" time="0.004"/>
  <testcase classname="Scenario: As a nurse, I want to know where a patient is, so I can find and treat him" name="And I have a department register" time="0.008"/>
  <testcase classname="Scenario: As a nurse, I want to know where a patient is, so I can find and treat him" name="And I have a patient register" time="0"/>
  <testcase classname="Scenario: As a nurse, I want to know where a patient is, so I can find and treat him" name="And the patient register contains several patients" time="0.001"/>
  <testcase classname="Scenario: As a nurse, I want to know where a patient is, so I can find and treat him" name="And there exists an ER department" time="0.001"/>
  <testcase classname="Scenario: As a nurse, I want to know where a patient is, so I can find and treat him" name="And I have a patient admitted to the ER" time="0.001"/>
  <testcase classname="Scenario: As a nurse, I want to know where a patient is, so I can find and treat him" name="Then I should be able to find that patient&apos;s department" time="0"/>
  <testcase classname="Scenario: As a nurse, I want to know where a patient is, so I can find and treat him" name="And I should know patient two is not admitted" time="0.001"/>
  <testcase classname="Scenario: As a nurse, I want to know where a patient is, so I can find and treat him" name="Scenario: As a nurse, I want to know where a patient is, so I can find and treat him" time="0.002"/>
  <testcase classname="Scenario: Admitting a patient to a non-existent department" name="Given That I am a nurse" time="0.003"/>
  <testcase classname="Scenario: Admitting a patient to a non-existent department" name="And I have a patient register" time="0"/>
  <testcase classname="Scenario: Admitting a patient to a non-existent department" name="And I have a department register" time="0.001"/>
  <testcase classname="Scenario: Admitting a patient to a non-existent department" name="And the patient register contains several patients" time="0.001"/>
  <testcase classname="Scenario: Admitting a patient to a non-existent department" name="Then admitting a patient to a nonexistent department should give an error" time="0.001"/>
  <testcase classname="Scenario: Admitting a patient to a non-existent department" name="Scenario: Admitting a patient to a non-existent department" time="0.005"/>
  <testcase classname="Scenario: As an ICT Officer, I should be able to move staff from one department to another" name="Given That I am an ICT Officer" time="0"/>
  <testcase classname="Scenario: As an ICT Officer, I should be able to move staff from one department to another" name="And I have a department register" time="0.001"/>
  <testcase classname="Scenario: As an ICT Officer, I should be able to move staff from one department to another" name="And I have a staff register" time="0.001"/>
  <testcase classname="Scenario: As an ICT Officer, I should be able to move staff from one department to another" name="And I have a patient register" time="0"/>
  <testcase classname="Scenario: As an ICT Officer, I should be able to move staff from one department to another" name="And there are multiple departments" time="0"/>
  <testcase classname="Scenario: As an ICT Officer, I should be able to move staff from one department to another" name="And I have multiple staff members" time="0.001"/>
  <testcase classname="Scenario: As an ICT Officer, I should be able to move staff from one department to another" name="And Staff zero is in ER" time="0.001"/>
  <testcase classname="Scenario: As an ICT Officer, I should be able to move staff from one department to another" name="Then I should be able to move a staff member from ER to surgery" time="0.001"/>
  <testcase classname="Scenario: As an ICT Officer, I should be able to move staff from one department to another" name="Scenario: As an ICT Officer, I should be able to move staff from one department to another" time="0.002"/>
  <testcase classname="Scenario: As a nurse, I want to be able to discharge a patient so that the bed can be freed up for other patients" name="Given That I am a nurse" time="0.001"/>
  <testcase classname="Scenario: As a nurse, I want to be able to discharge a patient so that the bed can be freed up for other patients" name="And I have a patient register" time="0.001"/>
  <testcase classname="Scenario: As a nurse, I want to be able to discharge a patient so that the bed can be freed up for other patients" name="And the patient register contains several patients" time="0.002"/>
  <testcase classname="Scenario: As a nurse, I want to be able to discharge a patient so that the bed can be freed up for other patients" name="And I have a department register" time="0"/>
  <testcase classname="Scenario: As a nurse, I want to be able to discharge a patient so that the bed can be freed up for other patients" name="And there exists an ER department" time="0.001"/>
  <testcase classname="Scenario: As a nurse, I want to be able to discharge a patient so that the bed can be freed up for other patients" name="And I have a patient admitted to the ER" time="0"/>
  <testcase classname="Scenario: As a nurse, I want to be able to discharge a patient so that the bed can be freed up for other patients" name="Then I should be able to discharge that patient" time="0"/>
  <testcase classname="Scenario: As a nurse, I want to be able to discharge a patient so that the bed can be freed up for other patients" name="Scenario: As a nurse, I want to be able to discharge a patient so that the bed can be freed up for other patients" time="0.003"/>
  <testcase classname="Scenario: Adding various staff types to the staff register" name="Given That I am an ICT Officer" time="0.002"/>
  <testcase classname="Scenario: Adding various staff types to the staff register" name="And I have a staff register" time="0.001"/>
  <testcase classname="Scenario: Adding various staff types to the staff register" name="Then I should be able to add a clerk" time="0"/>
  <testcase classname="Scenario: Adding various staff types to the staff register" name="And I should be able to add an ICT Officer" time="0"/>
  <testcase classname="Scenario: Adding various staff types to the staff register" name="And I should be able to add a nurse" time="0"/>
  <testcase classname="Scenario: Adding various staff types to the staff register" name="And I should be able to add a doctor" time="0.001"/>
  <testcase classname="Scenario: Adding various staff types to the staff register" name="Scenario: Adding various staff types to the staff register" time="0.001"/>
  <testcase classname="Scenario: As a staff member, I want to be able to see how many beds are available in a department so I can see where to assign my patient." name="Given That I am a staff member" time="0.001"/>
  <testcase classname="Scenario: As a staff member, I want to be able to see how many beds are available in a department so I can see where to assign my patient." name="And I have a department register" time="0"/>
  <testcase classname="Scenario: As a staff member, I want to be able to see how many beds are available in a department so I can see where to assign my patient." name="And there are multiple departments" time="0"/>
  <testcase classname="Scenario: As a staff member, I want to be able to see how many beds are available in a department so I can see where to assign my patient." name="Then I should be able to see how many beds are available in the ER" time="0.001"/>
  <testcase classname="Scenario: As a staff member, I want to be able to see how many beds are available in a department so I can see where to assign my patient." name="And I should be able to see how many beds there are total in the ER" time="0"/>
  <testcase classname="Scenario: As a staff member, I want to be able to see how many beds are available in a department so I can see where to assign my patient." name="Scenario: As a staff member, I want to be able to see how many beds are available in a department so I can see where to assign my patient." time="0"/>
  <testcase classname="Scenario: As a nurse/doctor, I want to be able to send a patient to a different department so that he can be treated properly." name="Given That I am a doctor" time="0.001"/>
  <testcase classname="Scenario: As a nurse/doctor, I want to be able to send a patient to a different department so that he can be treated properly." name="And I have a department register" time="0"/>
  <testcase classname="Scenario: As a nurse/doctor, I want to be able to send a patient to a different department so that he can be treated properly." name="And I have a patient register" time="0"/>
  <testcase classname="Scenario: As a nurse/doctor, I want to be able to send a patient to a different department so that he can be treated properly." name="And there are multiple departments" time="0"/>
  <testcase classname="Scenario: As a nurse/doctor, I want to be able to send a patient to a different department so that he can be treated properly." name="And the patient register contains several patients" time="0.001"/>
  <testcase classname="Scenario: As a nurse/doctor, I want to be able to send a patient to a different department so that he can be treated properly." name="And patient zero is in the ER" time="0"/>
  <testcase classname="Scenario: As a nurse/doctor, I want to be able to send a patient to a different department so that he can be treated properly." name="Then I should be able to move patient zero from the ER to surgery" time="0"/>
  <testcase classname="Scenario: As a nurse/doctor, I want to be able to send a patient to a different department so that he can be treated properly." name="Scenario: As a nurse/doctor, I want to be able to send a patient to a different department so that he can be treated properly." time="0"/>
  <testcase classname="Scenario: As an ICT Officer, Adding a staff member to a department should remove them from their current department" name="Given That I am an ICT Officer" time="0.001"/>
  <testcase classname="Scenario: As an ICT Officer, Adding a staff member to a department should remove them from their current department" name="And I have a department register" time="0.004"/>
  <testcase classname="Scenario: As an ICT Officer, Adding a staff member to a department should remove them from their current department" name="And I have a staff register" time="0.001"/>
  <testcase classname="Scenario: As an ICT Officer, Adding a staff member to a department should remove them from their current department" name="And there are multiple departments" time="0"/>
  <testcase classname="Scenario: As an ICT Officer, Adding a staff member to a department should remove them from their current department" name="And I have multiple staff members" time="0"/>
  <testcase classname="Scenario: As an ICT Officer, Adding a staff member to a department should remove them from their current department" name="And Staff zero is in ER" time="0.001"/>
  <testcase classname="Scenario: As an ICT Officer, Adding a staff member to a department should remove them from their current department" name="Then Adding staff zero to surgery should discharge them from the ER" time="0.003"/>
  <testcase classname="Scenario: As an ICT Officer, Adding a staff member to a department should remove them from their current department" name="Scenario: As an ICT Officer, Adding a staff member to a department should remove them from their current department" time="0.004"/>
  <testcase classname="Scenario: As an ICT Officer, i should be able to able to see how many beds are free and add some more" name="Given That I am an ICT Officer" time="0"/>
  <testcase classname="Scenario: As an ICT Officer, i should be able to able to see how many beds are free and add some more" name="And I have a department register" time="0"/>
  <testcase classname="Scenario: As an ICT Officer, i should be able to able to see how many beds are free and add some more" name="And there are multiple departments" time="0"/>
  <testcase classname="Scenario: As an ICT Officer, i should be able to able to see how many beds are free and add some more" name="Then I should be able to see how many beds are available in the ER" time="0.004"/>
  <testcase classname="Scenario: As an ICT Officer, i should be able to able to see how many beds are free and add some more" name="And I should be able to add some beds" time="0"/>
  <testcase classname="Scenario: As an ICT Officer, i should be able to able to see how many beds are free and add some more" name="And I should be able to remove beds" time="0.004"/>
  <testcase classname="Scenario: As an ICT Officer, i should be able to able to see how many beds are free and add some more" name="And The number of beds should be updated" time="0.001"/>
  <testcase classname="Scenario: As an ICT Officer, i should be able to able to see how many beds are free and add some more" name="Scenario: As an ICT Officer, i should be able to able to see how many beds are free and add some more" time="0.002"/>
  <testcase classname="Scenario: when a patient is added to a department, I should as a nurse/clerk/doctor have the system automatically assign the patient to a bed" name="Given That I am a clerk" time="0"/>
  <testcase classname="Scenario: when a patient is added to a department, I should as a nurse/clerk/doctor have the system automatically assign the patient to a bed" name="And I have a department register" time="0"/>
  <testcase classname="Scenario: when a patient is added to a department, I should as a nurse/clerk/doctor have the system automatically assign the patient to a bed" name="And I have a patient register" time="0"/>
  <testcase classname="Scenario: when a patient is added to a department, I should as a nurse/clerk/doctor have the system automatically assign the patient to a bed" name="And the patient register contains several patients" time="0"/>
  <testcase classname="Scenario: when a patient is added to a department, I should as a nurse/clerk/doctor have the system automatically assign the patient to a bed" name="And there are multiple departments" time="0"/>
  <testcase classname="Scenario: when a patient is added to a department, I should as a nurse/clerk/doctor have the system automatically assign the patient to a bed" name="When I admit a patient to the ER" time="0"/>
  <testcase classname="Scenario: when a patient is added to a department, I should as a nurse/clerk/doctor have the system automatically assign the patient to a bed" name="Then that patient should be assigned to the first available bed in ER" time="0"/>
  <testcase classname="Scenario: when a patient is added to a department, I should as a nurse/clerk/doctor have the system automatically assign the patient to a bed" name="Scenario: when a patient is added to a department, I should as a nurse/clerk/doctor have the system automatically assign the patient to a bed" time="0"/>
  <testcase classname="Scenario: As a nurse, I want to be able to search for patients so that i can easily edit their health data." name="Given That I am a nurse" time="0"/>
  <testcase classname="Scenario: As a nurse, I want to be able to search for patients so that i can easily edit their health data." name="And I have a patient register" time="0"/>
  <testcase classname="Scenario: As a nurse, I want to be able to search for patients so that i can easily edit their health data." name="And the patient register contains several patients" time="0.001"/>
  <testcase classname="Scenario: As a nurse, I want to be able to search for patients so that i can easily edit their health data." name="Then I should be able to search for a patient" time="0"/>
  <testcase classname="Scenario: As a nurse, I want to be able to search for patients so that i can easily edit their health data." name="Scenario: As a nurse, I want to be able to search for patients so that i can easily edit their health data." time="0.054"/>
  <testcase classname="Given That I am a doctor(Scenario: As a doctor, I want to be able to search for patients so that i can easily edit their health data (part 1).)" name="Given That I am a doctor(Scenario: As a doctor, I want to be able to search for patients so that i can easily edit their health data " time="0"/>
  <testcase classname="And I have a patient register(Scenario: As a doctor, I want to be able to search for patients so that i can easily edit their health data (part 1).)" name="And I have a patient register(Scenario: As a doctor, I want to be able to search for patients so that i can easily edit their health data " time="0.012"/>
  <testcase classname="And the patient register contains several patients(Scenario: As a doctor, I want to be able to search for patients so that i can easily edit their health data (part 1).)" name="And the patient register contains several patients(Scenario: As a doctor, I want to be able to search for patients so that i can easily edit their health data " time="0"/>
  <testcase classname="Then I should be able to search for a patient(Scenario: As a doctor, I want to be able to search for patients so that i can easily edit their health data (part 1).)" name="Then I should be able to search for a patient(Scenario: As a doctor, I want to be able to search for patients so that i can easily edit their health data " time="0.001"/>
  <testcase classname="Scenario: As a doctor, I want to be able to search for patients so that i can easily edit their health data (part 1)." name="Scenario: As a doctor, I want to be able to search for patients so that i can easily edit their health data " time="0.001"/>
  <testcase classname="Scenario: Nurse trying to edit staff register" name="Given That I am a nurse" time="0"/>
  <testcase classname="Scenario: Nurse trying to edit staff register" name="And I have a a staff register" time="0"/>
  <testcase classname="Scenario: Nurse trying to edit staff register" name="Then I should not be able to add staff to the staff register" time="0"/>
  <testcase classname="Scenario: Nurse trying to edit staff register" name="Scenario: Nurse trying to edit staff register" time="0"/>
  <testcase classname="Scenario: Nurse trying to search staff register" name="Given That I am a nurse" time="0"/>
  <testcase classname="Scenario: Nurse trying to search staff register" name="And I have a a staff register" time="0"/>
  <testcase classname="Scenario: Nurse trying to search staff register" name="Then I should not be able search for staff" time="0"/>
  <testcase classname="Scenario: Nurse trying to search staff register" name="Scenario: Nurse trying to search staff register" time="0"/>
  <testcase classname="Scenario: Doctor trying to edit staff register" name="Given That I am a doctor" time="0"/>
  <testcase classname="Scenario: Doctor trying to edit staff register" name="And I have a a staff register" time="0"/>
  <testcase classname="Scenario: Doctor trying to edit staff register" name="Then I should not be able to add staff to the staff register" time="0.035"/>
  <testcase classname="Scenario: Doctor trying to edit staff register" name="Scenario: Doctor trying to edit staff register" time="0.035"/>
  <testcase classname="Scenario: Doctor trying to search staff register" name="Given That I am a doctor" time="0"/>
  <testcase classname="Scenario: Doctor trying to search staff register" name="And I have a a staff register" time="0"/>
  <testcase classname="Scenario: Doctor trying to search staff register" name="Then I should not be able search for staff" time="0"/>
  <testcase classname="Scenario: Doctor trying to search staff register" name="Scenario: Doctor trying to search staff register" time="0"/>
  <testcase classname="Given That I am a nurse(Scenario: As a nurse, I want to be able to search for patients so that i can easily edit their health data (part 2).)" name="Given That I am a nurse(Scenario: As a nurse, I want to be able to search for patients so that i can easily edit their health data " time="0"/>
  <testcase classname="And I have a patient register(Scenario: As a nurse, I want to be able to search for patients so that i can easily edit their health data (part 2).)" name="And I have a patient register(Scenario: As a nurse, I want to be able to search for patients so that i can easily edit their health data " time="0"/>
  <testcase classname="And the patient register contains several patients(Scenario: As a nurse, I want to be able to search for patients so that i can easily edit their health data (part 2).)" name="And the patient register contains several patients(Scenario: As a nurse, I want to be able to search for patients so that i can easily edit their health data " time="0"/>
  <testcase classname="Then I should be able to search for a patient(Scenario: As a nurse, I want to be able to search for patients so that i can easily edit their health data (part 2).)" name="Then I should be able to search for a patient(Scenario: As a nurse, I want to be able to search for patients so that i can easily edit their health data " time="0.001"/>
  <testcase classname="And the patient register contains several patients(Scenario: As a nurse, I want to be able to search for patients so that i can easily edit their health data (part 2).)" name="And the patient register contains several patients(Scenario: As a nurse, I want to be able to search for patients so that i can easily edit their health data " time="0"/>
  <testcase classname="And edit or view the patients health data(Scenario: As a nurse, I want to be able to search for patients so that i can easily edit their health data (part 2).)" name="And edit or view the patients health data(Scenario: As a nurse, I want to be able to search for patients so that i can easily edit their health data " time="0"/>
  <testcase classname="Scenario: As a nurse, I want to be able to search for patients so that i can easily edit their health data (part 2)." name="Scenario: As a nurse, I want to be able to search for patients so that i can easily edit their health data " time="0"/>
  <testcase classname="Given That I am a doctor(Scenario: As a doctor, I want to be able to search for patients so that i can easily edit their health data (part 2).)" name="Given That I am a doctor(Scenario: As a doctor, I want to be able to search for patients so that i can easily edit their health data " time="0"/>
  <testcase classname="And I have a patient register(Scenario: As a doctor, I want to be able to search for patients so that i can easily edit their health data (part 2).)" name="And I have a patient register(Scenario: As a doctor, I want to be able to search for patients so that i can easily edit their health data " time="0"/>
  <testcase classname="And the patient register contains several patients(Scenario: As a doctor, I want to be able to search for patients so that i can easily edit their health data (part 2).)" name="And the patient register contains several patients(Scenario: As a doctor, I want to be able to search for patients so that i can easily edit their health data " time="0.001"/>
  <testcase classname="Then I should be able to search for a patient(Scenario: As a doctor, I want to be able to search for patients so that i can easily edit their health data (part 2).)" name="Then I should be able to search for a patient(Scenario: As a doctor, I want to be able to search for patients so that i can easily edit their health data " time="0"/>
  <testcase classname="And edit or view the patients health data(Scenario: As a doctor, I want to be able to search for patients so that i can easily edit their health data (part 2).)" name="And edit or view the patients health data(Scenario: As a doctor, I want to be able to search for patients so that i can easily edit their health data " time="0"/>
  <testcase classname="Scenario: As a doctor, I want to be able to search for patients so that i can easily edit their health data (part 2)." name="Scenario: As a doctor, I want to be able to search for patients so that i can easily edit their health data " time="0.001"/>
  <testcase classname="Scenario: Patient permissions" name="Given That I am a nurse" time="0.001"/>
  <testcase classname="Scenario: Patient permissions" name="And I have a patient register" time="0"/>
  <testcase classname="Scenario: Patient permissions" name="And I have a staff register" time="0"/>
  <testcase classname="Scenario: Patient permissions" name="And I have a department register" time="0"/>
  <testcase classname="Scenario: Patient permissions" name="And the patient register contains several patients" time="0"/>
  <testcase classname="Scenario: Patient permissions" name="And A patient is using the system" time="0"/>
  <testcase classname="Scenario: Patient permissions" name="Then The patient should not have write access to the staff register" time="0"/>
  <testcase classname="Scenario: Patient permissions" name="And The patient should not have view access to the staff register" time="0.001"/>
  <testcase classname="Scenario: Patient permissions" name="And The patient should not have write access to the patient register" time="0"/>
  <testcase classname="Scenario: Patient permissions" name="And The patient should not have view access to the patient register" time="0"/>
  <testcase classname="Scenario: Patient permissions" name="And The patient should not have view access to health data" time="0"/>
  <testcase classname="Scenario: Patient permissions" name="Scenario: Patient permissions" time="0"/>
  <testcase classname="Scenario: Checking hashcodes" name="Given That I am a nurse" time="0"/>
  <testcase classname="Scenario: Checking hashcodes" name="And I have a patient register" time="0.001"/>
  <testcase classname="Scenario: Checking hashcodes" name="And the patient register contains several patients" time="0"/>
  <testcase classname="Scenario: Checking hashcodes" name="Then patient zero and one should have different hash codes" time="0"/>
  <testcase classname="Scenario: Checking hashcodes" name="And patient zero should have the same hash code as themselves" time="0.001"/>
  <testcase classname="Scenario: Checking hashcodes" name="Scenario: Checking hashcodes" time="0.005"/>
  <testcase classname="Scenario: As a clerk, I want to register a patient so that we can have a record of all the patients in the hospital." name="Given That I am a clerk" time="0"/>
  <testcase classname="Scenario: As a clerk, I want to register a patient so that we can have a record of all the patients in the hospital." name="And I have a patient register" time="0"/>
  <testcase classname="Scenario: As a clerk, I want to register a patient so that we can have a record of all the patients in the hospital." name="When a patient needs to be admitted" time="0"/>
  <testcase classname="Scenario: As a clerk, I want to register a patient so that we can have a record of all the patients in the hospital." name="Then I should be able to add the patient to the patient register" time="0.001"/>
  <testcase classname="Scenario: As a clerk, I want to register a patient so that we can have a record of all the patients in the hospital." name="And assign him a unique serialnumber" time="0.002"/>
  <testcase classname="Scenario: As a clerk, I want to register a patient so that we can have a record of all the patients in the hospital." name="Scenario: As a clerk, I want to register a patient so that we can have a record of all the patients in the hospital." time="0.005"/>
  <testcase classname="Scenario: As a clerk, I want to be able to search for patients so that I can access their registration/admission data." name="Given That I am a clerk" time="0.001"/>
  <testcase classname="Scenario: As a clerk, I want to be able to search for patients so that I can access their registration/admission data." name="And I have a patient register" time="0"/>
  <testcase classname="Scenario: As a clerk, I want to be able to search for patients so that I can access their registration/admission data." name="And the patient register contains several patients" time="0.001"/>
  <testcase classname="Scenario: As a clerk, I want to be able to search for patients so that I can access their registration/admission data." name="Then I should be able to search for a patient" time="0"/>
  <testcase classname="Scenario: As a clerk, I want to be able to search for patients so that I can access their registration/admission data." name="Scenario: As a clerk, I want to be able to search for patients so that I can access their registration/admission data." time="0"/>
  <testcase classname="Scenario: Searching for a staff member" name="Given That I am a clerk" time="0"/>
  <testcase classname="Scenario: Searching for a staff member" name="And I have a a staff register" time="0"/>
  <testcase classname="Scenario: Searching for a staff member" name="Then I should not be able to add staff to the staff register" time="0.001"/>
  <testcase classname="Scenario: Searching for a staff member" name="Scenario: Searching for a staff member" time="0.001"/>
  <testcase classname="Scenario: As a clerk, I want to be able to edit a patient&apos;s personal information so that it is accurate." name="Given That I am a clerk" time="0.001"/>
  <testcase classname="Scenario: As a clerk, I want to be able to edit a patient&apos;s personal information so that it is accurate." name="And I have a patient register" time="0"/>
  <testcase classname="Scenario: As a clerk, I want to be able to edit a patient&apos;s personal information so that it is accurate." name="And the patient register contains several patients" time="0"/>
  <testcase classname="Scenario: As a clerk, I want to be able to edit a patient&apos;s personal information so that it is accurate." name="Then I should be able to search for a patient" time="0.001"/>
  <testcase classname="Scenario: As a clerk, I want to be able to edit a patient&apos;s personal information so that it is accurate." name="And edit their information" time="0"/>
  <testcase classname="Scenario: As a clerk, I want to be able to edit a patient&apos;s personal information so that it is accurate." name="Scenario: As a clerk, I want to be able to edit a patient&apos;s personal information so that it is accurate." time="0"/>
  <testcase classname="Scenario: As a clerk, I want to be able to search a patient by address." name="Given That I am a clerk" time="0"/>
  <testcase classname="Scenario: As a clerk, I want to be able to search a patient by address." name="And I have a patient register" time="0.001"/>
  <testcase classname="Scenario: As a clerk, I want to be able to search a patient by address." name="And the patient register contains several patients" time="0"/>
  <testcase classname="Scenario: As a clerk, I want to be able to search a patient by address." name="Then I should be able to search for a patient by address" time="0"/>
  <testcase classname="Scenario: As a clerk, I want to be able to search a patient by address." name="Scenario: As a clerk, I want to be able to search a patient by address." time="0"/>
  <testcase classname="Scenario: As a clerk, I want to be able to search a patient by phone number." name="Given That I am a clerk" time="0.001"/>
  <testcase classname="Scenario: As a clerk, I want to be able to search a patient by phone number." name="And I have a patient register" time="0"/>
  <testcase classname="Scenario: As a clerk, I want to be able to search a patient by phone number." name="And the patient register contains several patients" time="0"/>
  <testcase classname="Scenario: As a clerk, I want to be able to search a patient by phone number." name="Then I should be able to search for a patient by phone number" time="0.001"/>
  <testcase classname="Scenario: As a clerk, I want to be able to search a patient by phone number." name="Scenario: As a clerk, I want to be able to search a patient by phone number." time="0.003"/>
  <testcase classname="Scenario: As a clerk, I want to be able to search a patient by email." name="Given That I am a clerk" time="0.001"/>
  <testcase classname="Scenario: As a clerk, I want to be able to search a patient by email." name="And I have a patient register" time="0"/>
  <testcase classname="Scenario: As a clerk, I want to be able to search a patient by email." name="And the patient register contains several patients" time="0"/>
  <testcase classname="Scenario: As a clerk, I want to be able to search a patient by email." name="Then I should be able to search for a patient by email" time="0"/>
  <testcase classname="Scenario: As a clerk, I want to be able to search a patient by email." name="Scenario: As a clerk, I want to be able to search a patient by email." time="0"/>
  <testcase classname="Scenario: As a clerk, I want to be able to search a patient by name." name="Given That I am a clerk" time="0"/>
  <testcase classname="Scenario: As a clerk, I want to be able to search a patient by name." name="And I have a patient register" time="0"/>
  <testcase classname="Scenario: As a clerk, I want to be able to search a patient by name." name="And the patient register contains several patients" time="0"/>
  <testcase classname="Scenario: As a clerk, I want to be able to search a patient by name." name="Then I should be able to search for a patient by name" time="0"/>
  <testcase classname="Scenario: As a clerk, I want to be able to search a patient by name." name="Scenario: As a clerk, I want to be able to search a patient by name." time="0"/>
  <testcase classname="Scenario: As a clerk, I want to be able to search a patient by surname." name="Given That I am a clerk" time="0"/>
  <testcase classname="Scenario: As a clerk, I want to be able to search a patient by surname." name="And I have a patient register" time="0"/>
  <testcase classname="Scenario: As a clerk, I want to be able to search a patient by surname." name="And the patient register contains several patients" time="0"/>
  <testcase classname="Scenario: As a clerk, I want to be able to search a patient by surname." name="Then I should be able to search for a patient by surname" time="0"/>
  <testcase classname="Scenario: As a clerk, I want to be able to search a patient by surname." name="Scenario: As a clerk, I want to be able to search a patient by surname." time="0.001"/>
  <testcase classname="Scenario: As a clerk, I want to be able to search a patient by birthday." name="Given That I am a clerk" time="0"/>
  <testcase classname="Scenario: As a clerk, I want to be able to search a patient by birthday." name="And I have a patient register" time="0"/>
  <testcase classname="Scenario: As a clerk, I want to be able to search a patient by birthday." name="And the patient register contains several patients" time="0"/>
  <testcase classname="Scenario: As a clerk, I want to be able to search a patient by birthday." name="Then I should be able to search for a patient by birthday" time="0"/>
  <testcase classname="Scenario: As a clerk, I want to be able to search a patient by birthday." name="Scenario: As a clerk, I want to be able to search a patient by birthday." time="0"/>
  <testcase classname="Scenario: As a clerk, I want to be able to search a patient by alive." name="Given That I am a clerk" time="0"/>
  <testcase classname="Scenario: As a clerk, I want to be able to search a patient by alive." name="And I have a patient register" time="0"/>
  <testcase classname="Scenario: As a clerk, I want to be able to search a patient by alive." name="And the patient register contains several patients" time="0"/>
  <testcase classname="Scenario: As a clerk, I want to be able to search a patient by alive." name="Then I should be able to search for a patient by alive" time="0"/>
  <testcase classname="Scenario: As a clerk, I want to be able to search a patient by alive." name="And I should be able to search for a patient that is still alive" time="0"/>
  <testcase classname="Scenario: As a clerk, I want to be able to search a patient by alive." name="Scenario: As a clerk, I want to be able to search a patient by alive." time="0.001"/>
</testsuite>