<?xml version="1.0" encoding="UTF-8" ?>
<testsuite tests="51" failures="0" name="CucumberTest" time="0.03" errors="0" skipped="4">
  <properties>
[...]
</properties>
  <testcase classname="Scenario: Nurse searching for patients" name="Given That I am a nurse" time="0"/>
  <testcase classname="Scenario: Nurse searching for patients" name="And I have a patient register" time="0"/>
  <testcase classname="Scenario: Nurse searching for patients" name="And the patient register contains several patients" time="0"/>
  <testcase classname="Scenario: Nurse searching for patients" name="Then I should be able to search for a patient" time="0"/>
  <testcase classname="Scenario: Nurse searching for patients" name="And edit or view the patients health data" time="0">
    <skipped/>
  </testcase>
  <testcase classname="Scenario: Nurse searching for patients" name="Scenario: Nurse searching for patients" time="0">
    <skipped/>
  </testcase>
  <testcase classname="Scenario: Nurse searching for patients" name="Scenario: Nurse searching for patients" time="0"/>
  <testcase classname="Scenario: Doctor searching for patients" name="Given That I am a doctor" time="0"/>
  <testcase classname="Scenario: Doctor searching for patients" name="And I have a patient register" time="0"/>
  <testcase classname="Scenario: Doctor searching for patients" name="And the patient register contains several patients" time="0"/>
  <testcase classname="Scenario: Doctor searching for patients" name="Then I should be able to search for a patient" time="0"/>
  <testcase classname="Scenario: Doctor searching for patients" name="And edit the patients heatlh data" time="0">
    <skipped/>
  </testcase>
  <testcase classname="Scenario: Doctor searching for patients" name="Scenario: Doctor searching for patients" time="0">
    <skipped/>
  </testcase>
  <testcase classname="Scenario: Doctor searching for patients" name="Scenario: Doctor searching for patients" time="0"/>
  <testcase classname="Scenario: Nurse trying to edit staff register" name="Given That I am a nurse" time="0"/>
  <testcase classname="Scenario: Nurse trying to edit staff register" name="And I have a a staff register" time="0"/>
  <testcase classname="Scenario: Nurse trying to edit staff register" name="Then I should not be able to add staff to the staff register" time="0"/>
  <testcase classname="Scenario: Nurse trying to edit staff register" name="Scenario: Nurse trying to edit staff register" time="0"/>
  <testcase classname="Scenario: Nurse trying to search staff register" name="Given That I am a nurse" time="0"/>
  <testcase classname="Scenario: Nurse trying to search staff register" name="And I have a a staff register" time="0"/>
  <testcase classname="Scenario: Nurse trying to search staff register" name="Then I should not be able search for staff" time="0"/>
  <testcase classname="Scenario: Nurse trying to search staff register" name="Scenario: Nurse trying to search staff register" time="0"/>
  <testcase classname="Scenario: Doctor trying to edit staff register" name="Given That I am a doctor" time="0"/>
  <testcase classname="Scenario: Doctor trying to edit staff register" name="And I have a a staff register" time="0"/>
  <testcase classname="Scenario: Doctor trying to edit staff register" name="Then I should not be able to add staff to the staff register" time="0"/>
  <testcase classname="Scenario: Doctor trying to edit staff register" name="Scenario: Doctor trying to edit staff register" time="0"/>
  <testcase classname="Scenario: Doctor trying to search staff register" name="Given That I am a doctor" time="0"/>
  <testcase classname="Scenario: Doctor trying to search staff register" name="And I have a a staff register" time="0"/>
  <testcase classname="Scenario: Doctor trying to search staff register" name="Then I should not be able search for staff" time="0"/>
  <testcase classname="Scenario: Doctor trying to search staff register" name="Scenario: Doctor trying to search staff register" time="0"/>
  <testcase classname="Scenario: Registering a patient" name="Given That I am a clerk" time="0"/>
  <testcase classname="Scenario: Registering a patient" name="And I have a patient register" time="0"/>
  <testcase classname="Scenario: Registering a patient" name="When a patient needs to be admitted" time="0"/>
  <testcase classname="Scenario: Registering a patient" name="Then I should be able to add the patient to the patient register" time="0"/>
  <testcase classname="Scenario: Registering a patient" name="And assign him a unique serialnumber" time="0"/>
  <testcase classname="Scenario: Registering a patient" name="Scenario: Registering a patient" time="0"/>
  <testcase classname="Scenario: Searching for a patient" name="Given That I am a clerk" time="0"/>
  <testcase classname="Scenario: Searching for a patient" name="And I have a patient register" time="0"/>
  <testcase classname="Scenario: Searching for a patient" name="And the patient register contains several patients" time="0"/>
  <testcase classname="Scenario: Searching for a patient" name="Then I should be able to search for a patient" time="0"/>
  <testcase classname="Scenario: Searching for a patient" name="Scenario: Searching for a patient" time="0"/>
  <testcase classname="Scenario: Searching for a staff member" name="Given That I am a clerk" time="0"/>
  <testcase classname="Scenario: Searching for a staff member" name="And I have a a staff register" time="0"/>
  <testcase classname="Scenario: Searching for a staff member" name="Then I should not be able to add staff to the staff register" time="0.015"/>
  <testcase classname="Scenario: Searching for a staff member" name="Scenario: Searching for a staff member" time="0.015"/>
  <testcase classname="Scenario: Editing a patients information" name="Given That I am a clerk" time="0"/>
  <testcase classname="Scenario: Editing a patients information" name="And I have a patient register" time="0"/>
  <testcase classname="Scenario: Editing a patients information" name="And the patient register contains several patients" time="0"/>
  <testcase classname="Scenario: Editing a patients information" name="Then I should be able to search for a patient" time="0"/>
  <testcase classname="Scenario: Editing a patients information" name="And edit their information" time="0"/>
  <testcase classname="Scenario: Editing a patients information" name="Scenario: Editing a patients information" time="0"/>
</testsuite>